<?xml version="1.0" encoding="UTF-8"?>
<!-- Generated by org.testng.reporters.JUnitXMLReporter -->
<testsuite ignored="0" hostname="Collaberas-MacBook-Pro.local" failures="0" tests="18" name="Default test" time="131.74" errors="0" timestamp="2023-05-24T21:39:14 PST">
  <testcase classname="iOS.tests.Test.AppiumIpadMain" name="setup" time="20.962"/>
  <testcase classname="iOS.tests.Test.AppiumIpadMain" name="scrollGes" time="3.807"/>
  <testcase classname="iOS.tests.Test.AppiumIpadMain" name="actIndicator" time="5.05"/>
  <testcase classname="iOS.tests.Test.AppiumIpadMain" name="datePicker" time="4.909"/>
  <testcase classname="iOS.tests.Test.AppiumIpadMain" name="timePicker" time="11.8"/>
  <testcase classname="iOS.tests.Test.AppiumIpadMain" name="ImageView" time="8.912"/>
  <testcase classname="iOS.tests.Test.AppiumIpadMain" name="pageControl" time="1.885"/>
  <testcase classname="iOS.tests.Test.AppiumIpadMain" name="pickView" time="2.153"/>
  <testcase classname="iOS.tests.Test.AppiumIpadMain" name="progView" time="10.846"/>
  <testcase classname="iOS.tests.Test.AppiumIpadMain" name="searchView" time="7.024"/>
  <testcase classname="iOS.tests.Test.AppiumIpadMain" name="segmentedControls" time="6.861"/>
  <testcase classname="iOS.tests.Test.AppiumIpadMain" name="sliderControl" time="4.542"/>
  <testcase classname="iOS.tests.Test.AppiumIpadMain" name="stackViews" time="7.762"/>
  <testcase classname="iOS.tests.Test.AppiumIpadMain" name="switches" time="4.022"/>
  <testcase classname="iOS.tests.Test.AppiumIpadMain" name="textField" time="17.151"/>
  <testcase classname="iOS.tests.Test.AppiumIpadMain" name="toolBars" time="3.466"/>
  <testcase classname="iOS.tests.Test.AppiumIpadMain" name="webViews" time="4.295"/>
  <testcase classname="iOS.tests.Test.AppiumIpadMain" name="alert" time="5.202"/>
</testsuite> <!-- Default test -->
